빌드 시작: 2014-11-27 오후 12:49:56
     1>2 노드의 "C:\Users\yoonsu\Documents\GitHub\openGL_KDH\Assignment08\Assignment08.vcxproj" 프로젝트(build 대상)입니다.
     1>InitializeBuildStatus:
         "Debug\Assignment08.unsuccessfulbuild"에 연결(touching)하고 있습니다.
       ClCompile:
         모든 출력이 최신 상태입니다.
       ManifestResourceCompile:
         C:\Program Files (x86)\Microsoft SDKs\Windows\v7.0A\bin\rc.exe /nologo /fo"Debug\Assignment08.exe.embed.manifest.res" Debug\Assignment08_manifest.rc 
       Link:
         c:\Program Files (x86)\Microsoft Visual Studio 10.0\VC\bin\link.exe /ERRORREPORT:PROMPT /OUT:"C:\Users\yoonsu\Documents\GitHub\openGL_KDH\Debug\Assignment08.exe" /INCREMENTAL /NOLOGO kernel32.lib user32.lib gdi32.lib winspool.lib comdlg32.lib advapi32.lib shell32.lib ole32.lib oleaut32.lib uuid.lib odbc32.lib odbccp32.lib /MANIFEST /ManifestFile:"Debug\Assignment08.exe.intermediate.manifest" /MANIFESTUAC:"level='asInvoker' uiAccess='false'" /DEBUG /PDB:"C:\Users\yoonsu\Documents\GitHub\openGL_KDH\Debug\Assignment08.pdb" /SUBSYSTEM:CONSOLE /TLBID:1 /DYNAMICBASE /NXCOMPAT /IMPLIB:"C:\Users\yoonsu\Documents\GitHub\openGL_KDH\Debug\Assignment08.lib" /MACHINE:X86 Debug\Assignment08.exe.embed.manifest.res
         Debug\Assignment08.obj
       Manifest:
         C:\Program Files (x86)\Microsoft SDKs\Windows\v7.0A\bin\mt.exe /nologo /verbose /out:"Debug\Assignment08.exe.embed.manifest" /manifest Debug\Assignment08.exe.intermediate.manifest
         C:\Program Files (x86)\Microsoft SDKs\Windows\v7.0A\bin\rc.exe /nologo /fo"Debug\Assignment08.exe.embed.manifest.res" Debug\Assignment08_manifest.rc 
       LinkEmbedManifest:
         c:\Program Files (x86)\Microsoft Visual Studio 10.0\VC\bin\link.exe /ERRORREPORT:PROMPT /OUT:"C:\Users\yoonsu\Documents\GitHub\openGL_KDH\Debug\Assignment08.exe" /INCREMENTAL /NOLOGO kernel32.lib user32.lib gdi32.lib winspool.lib comdlg32.lib advapi32.lib shell32.lib ole32.lib oleaut32.lib uuid.lib odbc32.lib odbccp32.lib /MANIFEST /ManifestFile:"Debug\Assignment08.exe.intermediate.manifest" /MANIFESTUAC:"level='asInvoker' uiAccess='false'" /DEBUG /PDB:"C:\Users\yoonsu\Documents\GitHub\openGL_KDH\Debug\Assignment08.pdb" /SUBSYSTEM:CONSOLE /TLBID:1 /DYNAMICBASE /NXCOMPAT /IMPLIB:"C:\Users\yoonsu\Documents\GitHub\openGL_KDH\Debug\Assignment08.lib" /MACHINE:X86 Debug\Assignment08.exe.embed.manifest.res
         Debug\Assignment08.obj
         Assignment08.vcxproj -> C:\Users\yoonsu\Documents\GitHub\openGL_KDH\Debug\Assignment08.exe
       FinalizeBuildStatus:
         "Debug\Assignment08.unsuccessfulbuild" 파일을 삭제하고 있습니다.
         "Debug\Assignment08.lastbuildstate"에 연결(touching)하고 있습니다.
     1>"C:\Users\yoonsu\Documents\GitHub\openGL_KDH\Assignment08\Assignment08.vcxproj" 프로젝트를 빌드했습니다(build 대상).

빌드했습니다.

경과 시간: 00:00:00.30
