빌드 시작: 2014-11-27 오후 12:51:28
     1>2 노드의 "C:\Users\yoonsu\Documents\GitHub\openGL_KDH\로봇 샘플\로봇 샘플.vcxproj" 프로젝트(build 대상)입니다.
     1>InitializeBuildStatus:
         "Debug\로봇 샘플.unsuccessfulbuild"에 연결(touching)하고 있습니다.
       ClCompile:
         모든 출력이 최신 상태입니다.
       ManifestResourceCompile:
         C:\Program Files (x86)\Microsoft SDKs\Windows\v7.0A\bin\rc.exe /nologo /fo"Debug\로봇 샘플.exe.embed.manifest.res" "Debug\로봇 샘플_manifest.rc" 
       Link:
         c:\Program Files (x86)\Microsoft Visual Studio 10.0\VC\bin\link.exe /ERRORREPORT:PROMPT /OUT:"C:\Users\yoonsu\Documents\GitHub\openGL_KDH\Debug\로봇 샘플.exe" /INCREMENTAL /NOLOGO kernel32.lib user32.lib gdi32.lib winspool.lib comdlg32.lib advapi32.lib shell32.lib ole32.lib oleaut32.lib uuid.lib odbc32.lib odbccp32.lib /MANIFEST /ManifestFile:"Debug\로봇 샘플.exe.intermediate.manifest" /MANIFESTUAC:"level='asInvoker' uiAccess='false'" /DEBUG /PDB:"C:\Users\yoonsu\Documents\GitHub\openGL_KDH\Debug\로봇 샘플.pdb" /SUBSYSTEM:CONSOLE /TLBID:1 /DYNAMICBASE /NXCOMPAT /IMPLIB:"C:\Users\yoonsu\Documents\GitHub\openGL_KDH\Debug\로봇 샘플.lib" /MACHINE:X86 "Debug\로봇 샘플.exe.embed.manifest.res"
         Debug\ex7.obj
       Manifest:
         C:\Program Files (x86)\Microsoft SDKs\Windows\v7.0A\bin\mt.exe /nologo /verbose /out:"Debug\로봇 샘플.exe.embed.manifest" /manifest "Debug\로봇 샘플.exe.intermediate.manifest"
         C:\Program Files (x86)\Microsoft SDKs\Windows\v7.0A\bin\rc.exe /nologo /fo"Debug\로봇 샘플.exe.embed.manifest.res" "Debug\로봇 샘플_manifest.rc" 
       LinkEmbedManifest:
         c:\Program Files (x86)\Microsoft Visual Studio 10.0\VC\bin\link.exe /ERRORREPORT:PROMPT /OUT:"C:\Users\yoonsu\Documents\GitHub\openGL_KDH\Debug\로봇 샘플.exe" /INCREMENTAL /NOLOGO kernel32.lib user32.lib gdi32.lib winspool.lib comdlg32.lib advapi32.lib shell32.lib ole32.lib oleaut32.lib uuid.lib odbc32.lib odbccp32.lib /MANIFEST /ManifestFile:"Debug\로봇 샘플.exe.intermediate.manifest" /MANIFESTUAC:"level='asInvoker' uiAccess='false'" /DEBUG /PDB:"C:\Users\yoonsu\Documents\GitHub\openGL_KDH\Debug\로봇 샘플.pdb" /SUBSYSTEM:CONSOLE /TLBID:1 /DYNAMICBASE /NXCOMPAT /IMPLIB:"C:\Users\yoonsu\Documents\GitHub\openGL_KDH\Debug\로봇 샘플.lib" /MACHINE:X86 "Debug\로봇 샘플.exe.embed.manifest.res"
         Debug\ex7.obj
         로봇 샘플.vcxproj -> C:\Users\yoonsu\Documents\GitHub\openGL_KDH\Debug\로봇 샘플.exe
       FinalizeBuildStatus:
         "Debug\로봇 샘플.unsuccessfulbuild" 파일을 삭제하고 있습니다.
         "Debug\로봇 샘플.lastbuildstate"에 연결(touching)하고 있습니다.
     1>"C:\Users\yoonsu\Documents\GitHub\openGL_KDH\로봇 샘플\로봇 샘플.vcxproj" 프로젝트를 빌드했습니다(build 대상).

빌드했습니다.

경과 시간: 00:00:00.30
