빌드 시작: 2014-12-10 오전 12:00:50
     1>2 노드의 "C:\Users\yoonsu\Documents\GitHub\openGL_KDH\ASE 모델 불러오기\ASE 모델 불러오기.vcxproj" 프로젝트(build 대상)입니다.
     1>InitializeBuildStatus:
         "AlwaysCreate"이(가) 지정되었기 때문에 "Release\ASE 모델 불러오기.unsuccessfulbuild"을(를) 만들고 있습니다.
       ClCompile:
         c:\Program Files (x86)\Microsoft Visual Studio 10.0\VC\bin\CL.exe /c /Zi /nologo /W3 /WX- /O2 /Oi /Oy- /GL /D WIN32 /D NDEBUG /D _CONSOLE /D _UNICODE /D UNICODE /Gm- /EHsc /MD /GS /Gy /fp:precise /Zc:wchar_t /Zc:forScope /Fo"Release\\" /Fd"Release\vc100.pdb" /Gd /TP /analyze- /errorReport:prompt import_model.cpp
         import_model.cpp
     1>c:\users\yoonsu\documents\github\opengl_kdh\ase 모델 불러오기\ase_수정.h(78): warning C4996: 'fopen': This function or variable may be unsafe. Consider using fopen_s instead. To disable deprecation, use _CRT_SECURE_NO_WARNINGS. See online help for details.
                 c:\Program Files (x86)\Microsoft Visual Studio 10.0\VC\include\stdio.h(234) : 'fopen' 선언을 참조하십시오.
     1>c:\users\yoonsu\documents\github\opengl_kdh\ase 모델 불러오기\ase_수정.h(84): warning C4996: 'sscanf': This function or variable may be unsafe. Consider using sscanf_s instead. To disable deprecation, use _CRT_SECURE_NO_WARNINGS. See online help for details.
                 c:\Program Files (x86)\Microsoft Visual Studio 10.0\VC\include\stdio.h(325) : 'sscanf' 선언을 참조하십시오.
     1>c:\users\yoonsu\documents\github\opengl_kdh\ase 모델 불러오기\ase_수정.h(88): warning C4996: 'sscanf': This function or variable may be unsafe. Consider using sscanf_s instead. To disable deprecation, use _CRT_SECURE_NO_WARNINGS. See online help for details.
                 c:\Program Files (x86)\Microsoft Visual Studio 10.0\VC\include\stdio.h(325) : 'sscanf' 선언을 참조하십시오.
     1>c:\users\yoonsu\documents\github\opengl_kdh\ase 모델 불러오기\ase_수정.h(92): warning C4996: 'sscanf': This function or variable may be unsafe. Consider using sscanf_s instead. To disable deprecation, use _CRT_SECURE_NO_WARNINGS. See online help for details.
                 c:\Program Files (x86)\Microsoft Visual Studio 10.0\VC\include\stdio.h(325) : 'sscanf' 선언을 참조하십시오.
     1>c:\users\yoonsu\documents\github\opengl_kdh\ase 모델 불러오기\ase_수정.h(97): warning C4996: 'sscanf': This function or variable may be unsafe. Consider using sscanf_s instead. To disable deprecation, use _CRT_SECURE_NO_WARNINGS. See online help for details.
                 c:\Program Files (x86)\Microsoft Visual Studio 10.0\VC\include\stdio.h(325) : 'sscanf' 선언을 참조하십시오.
     1>c:\users\yoonsu\documents\github\opengl_kdh\ase 모델 불러오기\ase_수정.h(103): warning C4996: 'sscanf': This function or variable may be unsafe. Consider using sscanf_s instead. To disable deprecation, use _CRT_SECURE_NO_WARNINGS. See online help for details.
                 c:\Program Files (x86)\Microsoft Visual Studio 10.0\VC\include\stdio.h(325) : 'sscanf' 선언을 참조하십시오.
     1>c:\users\yoonsu\documents\github\opengl_kdh\ase 모델 불러오기\ase_수정.h(123): warning C4996: 'sscanf': This function or variable may be unsafe. Consider using sscanf_s instead. To disable deprecation, use _CRT_SECURE_NO_WARNINGS. See online help for details.
                 c:\Program Files (x86)\Microsoft Visual Studio 10.0\VC\include\stdio.h(325) : 'sscanf' 선언을 참조하십시오.
     1>c:\users\yoonsu\documents\github\opengl_kdh\ase 모델 불러오기\ase_수정.h(132): warning C4996: 'sscanf': This function or variable may be unsafe. Consider using sscanf_s instead. To disable deprecation, use _CRT_SECURE_NO_WARNINGS. See online help for details.
                 c:\Program Files (x86)\Microsoft Visual Studio 10.0\VC\include\stdio.h(325) : 'sscanf' 선언을 참조하십시오.
     1>c:\users\yoonsu\documents\github\opengl_kdh\ase 모델 불러오기\ase_수정.h(140): warning C4996: 'sscanf': This function or variable may be unsafe. Consider using sscanf_s instead. To disable deprecation, use _CRT_SECURE_NO_WARNINGS. See online help for details.
                 c:\Program Files (x86)\Microsoft Visual Studio 10.0\VC\include\stdio.h(325) : 'sscanf' 선언을 참조하십시오.
     1>c:\users\yoonsu\documents\github\opengl_kdh\ase 모델 불러오기\ase_수정.h(145): warning C4996: 'sscanf': This function or variable may be unsafe. Consider using sscanf_s instead. To disable deprecation, use _CRT_SECURE_NO_WARNINGS. See online help for details.
                 c:\Program Files (x86)\Microsoft Visual Studio 10.0\VC\include\stdio.h(325) : 'sscanf' 선언을 참조하십시오.
     1>import_model.cpp(400): warning C4154: 배열 식을 삭제했습니다. 포인터로 변환이 제공됩니다.
     1>import_model.cpp(401): warning C4154: 배열 식을 삭제했습니다. 포인터로 변환이 제공됩니다.
       Link:
         c:\Program Files (x86)\Microsoft Visual Studio 10.0\VC\bin\link.exe /ERRORREPORT:PROMPT /OUT:"C:\Users\yoonsu\Documents\GitHub\openGL_KDH\Release\ASE 모델 불러오기.exe" /INCREMENTAL:NO /NOLOGO kernel32.lib user32.lib gdi32.lib winspool.lib comdlg32.lib advapi32.lib shell32.lib ole32.lib oleaut32.lib uuid.lib odbc32.lib odbccp32.lib /MANIFEST /ManifestFile:"Release\ASE 모델 불러오기.exe.intermediate.manifest" /MANIFESTUAC:"level='asInvoker' uiAccess='false'" /DEBUG /PDB:"C:\Users\yoonsu\Documents\GitHub\openGL_KDH\Release\ASE 모델 불러오기.pdb" /SUBSYSTEM:CONSOLE /OPT:REF /OPT:ICF /LTCG /TLBID:1 /DYNAMICBASE /NXCOMPAT /IMPLIB:"C:\Users\yoonsu\Documents\GitHub\openGL_KDH\Release\ASE 모델 불러오기.lib" /MACHINE:X86 Release\import_model.obj
         코드를 생성하고 있습니다.
         코드를 생성했습니다.
         ASE 모델 불러오기.vcxproj -> C:\Users\yoonsu\Documents\GitHub\openGL_KDH\Release\ASE 모델 불러오기.exe
       Manifest:
         C:\Program Files (x86)\Microsoft SDKs\Windows\v7.0A\bin\mt.exe /nologo /verbose /outputresource:"C:\Users\yoonsu\Documents\GitHub\openGL_KDH\Release\ASE 모델 불러오기.exe;#1" /manifest "Release\ASE 모델 불러오기.exe.intermediate.manifest"
       FinalizeBuildStatus:
         "Release\ASE 모델 불러오기.unsuccessfulbuild" 파일을 삭제하고 있습니다.
         "Release\ASE 모델 불러오기.lastbuildstate"에 연결(touching)하고 있습니다.
     1>"C:\Users\yoonsu\Documents\GitHub\openGL_KDH\ASE 모델 불러오기\ASE 모델 불러오기.vcxproj" 프로젝트를 빌드했습니다(build 대상).

빌드했습니다.

경과 시간: 00:00:01.10
